<?xml version="1.0" encoding="UTF-8"?>
<testsuite xmlns:xsi="http://www.w3.org/2001/XMLSchema-instance" xsi:noNamespaceSchemaLocation="https://maven.apache.org/surefire/maven-surefire-plugin/xsd/surefire-test-report-3.0.xsd" version="3.0" name="selenium.GalleryTests" time="13.271" tests="10" errors="0" skipped="0" failures="0">
  <properties>
[...]
</properties>
  <testcase name="testHomepageLoads" classname="selenium.GalleryTests" time="0.702">
    <system-out><![CDATA[✓ POSITIVE TEST PASS: Homepage loaded with title: Artify 3D - Showcase Your 3D Creations
]]></system-out>
    <system-err><![CDATA[SLF4J: No SLF4J providers were found.
SLF4J: Defaulting to no-operation (NOP) logger implementation
SLF4J: See https://www.slf4j.org/codes.html#noProviders for further details.
Jun 27, 2025 10:44:53 AM org.openqa.selenium.devtools.CdpVersionFinder findNearestMatch
WARNING: Unable to find CDP implementation matching 138
Jun 27, 2025 10:44:53 AM org.openqa.selenium.chromium.ChromiumDriver lambda$new$5
WARNING: Unable to find version of CDP to use for 138.0.7204.49. You may need to include a dependency on a specific version of the CDP using something similar to `org.seleniumhq.selenium:selenium-devtools-v86:4.15.0` where the version ("v86") matches the version of the chromium-based browser you're using and the version number of the artifact is the same as Selenium's.
]]></system-err>
  </testcase>
  <testcase name="testGalleryNavigation" classname="selenium.GalleryTests" time="0.507">
    <system-out><![CDATA[✓ POSITIVE TEST PASS: Successfully navigated to Gallery page
]]></system-out>
  </testcase>
  <testcase name="testGalleryFilters" classname="selenium.GalleryTests" time="0.314">
    <system-out><![CDATA[✓ POSITIVE TEST PASS: Gallery filter buttons are present
]]></system-out>
  </testcase>
  <testcase name="testFilterFunctionality" classname="selenium.GalleryTests" time="1.335">
    <system-out><![CDATA[✓ POSITIVE TEST PASS: Filter button clicked successfully
]]></system-out>
  </testcase>
  <testcase name="testPageResponsiveness" classname="selenium.GalleryTests" time="0.291">
    <system-out><![CDATA[✓ POSITIVE TEST PASS: Page is responsive across different screen sizes
]]></system-out>
  </testcase>
  <testcase name="testInvalidURL" classname="selenium.GalleryTests" time="0.209">
    <system-out><![CDATA[✓ NEGATIVE TEST PASS: Invalid URL handled correctly
]]></system-out>
  </testcase>
  <testcase name="testBrokenImageHandling" classname="selenium.GalleryTests" time="0.185">
    <system-out><![CDATA[✓ NEGATIVE TEST PASS: No broken images found (no images present)
]]></system-out>
  </testcase>
  <testcase name="testFormValidation" classname="selenium.GalleryTests" time="0.17">
    <system-out><![CDATA[✓ NEGATIVE TEST PASS: No form elements to validate on gallery page
]]></system-out>
  </testcase>
  <testcase name="testSlowNetworkHandling" classname="selenium.GalleryTests" time="0.136">
    <system-out><![CDATA[✓ NEGATIVE TEST PASS: Page handles slow loading gracefully (133ms)
]]></system-out>
  </testcase>
  <testcase name="testJavaScriptErrors" classname="selenium.GalleryTests" time="0.174">
    <system-out><![CDATA[✓ NEGATIVE TEST PASS: JavaScript error detection completed (Found 7 severe errors)
]]></system-out>
  </testcase>
</testsuite>